[debug] > Exec(run, None, None)
[debug] Evaluating tasks: Compile / run
[debug] Running task... Cancel: Signal, check cycles: false, forcegc: true
[debug] Running task... Cancel: Signal, check cycles: false, forcegc: true
[info] compiling 26 Scala sources and 1 Java source to C:\Users\GuestPC\OneDrive - Vrije Universiteit Brussel\Software Architectures\MVCPlayAssignment\Assignment2\target\scala-3.3.1\classes ...
[warn] -- Warning: C:\Users\GuestPC\OneDrive - Vrije Universiteit Brussel\Software Architectures\MVCPlayAssignment\Assignment2\app\models\SharePictureDao.scala:11:9 
[warn] 11 |         return element
[warn]    |         ^^^^^^^^^^^^^^
[warn]    |Non local returns are no longer supported; use `boundary` and `boundary.break` in `scala.util` instead
[warn] -- Warning: C:\Users\GuestPC\OneDrive - Vrije Universiteit Brussel\Software Architectures\MVCPlayAssignment\Assignment2\app\models\SharePictureDao.scala:33:8 
[warn] 33 |        return element
[warn]    |        ^^^^^^^^^^^^^^
[warn]    |Non local returns are no longer supported; use `boundary` and `boundary.break` in `scala.util` instead
[warn] -- Warning: C:\Users\GuestPC\OneDrive - Vrije Universiteit Brussel\Software Architectures\MVCPlayAssignment\Assignment2\app\models\SharePictureDao.scala:45:8 
[warn] 45 |        return element
[warn]    |        ^^^^^^^^^^^^^^
[warn]    |Non local returns are no longer supported; use `boundary` and `boundary.break` in `scala.util` instead
[warn] three warnings found
[info] done compiling
[debug] Running task... Cancel: Signal, check cycles: false, forcegc: true
[debug] Exporting web-assets:assignment2
[debug] Running task... Cancel: Signal, check cycles: false, forcegc: true
[debug] Running task... Cancel: Signal, check cycles: false, forcegc: true
[debug] Exporting web-assets:assignment2
[debug] Running task... Cancel: Signal, check cycles: false, forcegc: true
[debug] Running task... Cancel: Signal, check cycles: false, forcegc: true
[debug] Exporting web-assets:assignment2
[debug] Running task... Cancel: Signal, check cycles: false, forcegc: true
[debug] Running task... Cancel: Signal, check cycles: false, forcegc: true
[debug] Exporting web-assets:assignment2
[debug] Forcing garbage collection...
[success] Total time: 33820 s (09:23:40), completed Sep 7, 2025, 8:56:22 AM
[debug] > Exec(idea-shell, None, None)
